mode: atomic
github.com/zimnx/YamlSchemaToGoStruct/schema.go:11.73,13.9 2 9
github.com/zimnx/YamlSchemaToGoStruct/schema.go:16.2,17.12 2 6
github.com/zimnx/YamlSchemaToGoStruct/schema.go:13.9,15.3 1 3
github.com/zimnx/YamlSchemaToGoStruct/schema.go:20.69,22.2 1 7
github.com/zimnx/YamlSchemaToGoStruct/schema.go:24.80,26.9 2 8
github.com/zimnx/YamlSchemaToGoStruct/schema.go:29.2,30.31 2 3
github.com/zimnx/YamlSchemaToGoStruct/schema.go:36.2,37.12 2 1
github.com/zimnx/YamlSchemaToGoStruct/schema.go:26.9,28.3 1 5
github.com/zimnx/YamlSchemaToGoStruct/schema.go:30.31,32.10 2 6
github.com/zimnx/YamlSchemaToGoStruct/schema.go:32.10,34.4 1 2
github.com/zimnx/YamlSchemaToGoStruct/schema.go:40.71,42.16 2 6
github.com/zimnx/YamlSchemaToGoStruct/schema.go:45.2,47.16 3 5
github.com/zimnx/YamlSchemaToGoStruct/schema.go:54.2,55.16 2 4
github.com/zimnx/YamlSchemaToGoStruct/schema.go:58.2,58.36 1 3
github.com/zimnx/YamlSchemaToGoStruct/schema.go:64.2,64.12 1 2
github.com/zimnx/YamlSchemaToGoStruct/schema.go:42.16,44.3 1 1
github.com/zimnx/YamlSchemaToGoStruct/schema.go:47.16,53.3 1 1
github.com/zimnx/YamlSchemaToGoStruct/schema.go:55.16,57.3 1 1
github.com/zimnx/YamlSchemaToGoStruct/schema.go:58.36,63.3 1 1
github.com/zimnx/YamlSchemaToGoStruct/schema.go:67.52,69.2 1 1
github.com/zimnx/YamlSchemaToGoStruct/type.go:15.44,16.18 1 58
github.com/zimnx/YamlSchemaToGoStruct/type.go:19.2,19.30 1 53
github.com/zimnx/YamlSchemaToGoStruct/type.go:16.18,18.3 1 5
github.com/zimnx/YamlSchemaToGoStruct/type.go:22.45,25.2 2 25
github.com/zimnx/YamlSchemaToGoStruct/type.go:27.38,28.49 1 48
github.com/zimnx/YamlSchemaToGoStruct/type.go:31.2,31.17 1 32
github.com/zimnx/YamlSchemaToGoStruct/type.go:28.49,30.3 1 16
github.com/zimnx/YamlSchemaToGoStruct/type.go:34.54,35.35 1 53
github.com/zimnx/YamlSchemaToGoStruct/type.go:46.2,46.57 1 7
github.com/zimnx/YamlSchemaToGoStruct/type.go:36.14,37.30 1 44
github.com/zimnx/YamlSchemaToGoStruct/type.go:38.21,39.31 1 4
github.com/zimnx/YamlSchemaToGoStruct/type.go:39.31,40.61 1 9
github.com/zimnx/YamlSchemaToGoStruct/type.go:40.61,42.5 1 2
github.com/zimnx/YamlSchemaToGoStruct/array.go:9.47,11.2 1 8
github.com/zimnx/YamlSchemaToGoStruct/array.go:13.36,15.2 1 1
github.com/zimnx/YamlSchemaToGoStruct/array.go:17.89,19.9 2 8
github.com/zimnx/YamlSchemaToGoStruct/array.go:25.2,26.9 2 6
github.com/zimnx/YamlSchemaToGoStruct/array.go:32.2,33.16 2 5
github.com/zimnx/YamlSchemaToGoStruct/array.go:36.2,36.38 1 4
github.com/zimnx/YamlSchemaToGoStruct/array.go:19.9,24.3 1 2
github.com/zimnx/YamlSchemaToGoStruct/array.go:26.9,31.3 1 1
github.com/zimnx/YamlSchemaToGoStruct/array.go:33.16,35.3 1 1
github.com/zimnx/YamlSchemaToGoStruct/array.go:39.49,41.2 1 2
github.com/zimnx/YamlSchemaToGoStruct/item.go:10.53,12.16 2 31
github.com/zimnx/YamlSchemaToGoStruct/item.go:15.2,15.43 1 28
github.com/zimnx/YamlSchemaToGoStruct/item.go:12.16,14.3 1 3
github.com/zimnx/YamlSchemaToGoStruct/item.go:18.49,19.18 1 31
github.com/zimnx/YamlSchemaToGoStruct/item.go:20.15,21.18 1 5
github.com/zimnx/YamlSchemaToGoStruct/item.go:22.16,23.19 1 10
github.com/zimnx/YamlSchemaToGoStruct/item.go:24.10,25.22 1 16
github.com/zimnx/YamlSchemaToGoStruct/plainitem.go:9.51,11.2 1 12
github.com/zimnx/YamlSchemaToGoStruct/plainitem.go:13.40,15.2 1 2
github.com/zimnx/YamlSchemaToGoStruct/plainitem.go:17.93,19.9 2 18
github.com/zimnx/YamlSchemaToGoStruct/plainitem.go:25.2,26.16 2 17
github.com/zimnx/YamlSchemaToGoStruct/plainitem.go:33.2,33.8 1 17
github.com/zimnx/YamlSchemaToGoStruct/plainitem.go:19.9,24.3 1 1
github.com/zimnx/YamlSchemaToGoStruct/plainitem.go:26.16,32.3 1 1
github.com/zimnx/YamlSchemaToGoStruct/plainitem.go:36.53,38.2 1 6
github.com/zimnx/YamlSchemaToGoStruct/reader.go:9.95,11.30 2 3
github.com/zimnx/YamlSchemaToGoStruct/reader.go:21.2,21.20 1 2
github.com/zimnx/YamlSchemaToGoStruct/reader.go:11.30,14.10 3 5
github.com/zimnx/YamlSchemaToGoStruct/reader.go:14.10,19.4 1 1
github.com/zimnx/YamlSchemaToGoStruct/reader.go:24.82,26.16 2 4
github.com/zimnx/YamlSchemaToGoStruct/reader.go:32.2,34.16 3 3
github.com/zimnx/YamlSchemaToGoStruct/reader.go:40.2,41.9 2 2
github.com/zimnx/YamlSchemaToGoStruct/reader.go:47.2,47.38 1 1
github.com/zimnx/YamlSchemaToGoStruct/reader.go:26.16,31.3 1 1
github.com/zimnx/YamlSchemaToGoStruct/reader.go:34.16,39.3 1 1
github.com/zimnx/YamlSchemaToGoStruct/reader.go:41.9,46.3 1 1
github.com/zimnx/YamlSchemaToGoStruct/main.go:124.13,130.16 5 0
github.com/zimnx/YamlSchemaToGoStruct/main.go:135.2,136.33 2 0
github.com/zimnx/YamlSchemaToGoStruct/main.go:144.2,145.33 2 0
github.com/zimnx/YamlSchemaToGoStruct/main.go:149.2,149.34 1 0
github.com/zimnx/YamlSchemaToGoStruct/main.go:130.16,131.13 1 0
github.com/zimnx/YamlSchemaToGoStruct/main.go:136.33,139.17 3 0
github.com/zimnx/YamlSchemaToGoStruct/main.go:139.17,140.14 1 0
github.com/zimnx/YamlSchemaToGoStruct/main.go:145.33,147.3 1 0
github.com/zimnx/YamlSchemaToGoStruct/main.go:149.34,151.3 1 0
github.com/zimnx/YamlSchemaToGoStruct/object.go:10.48,12.2 1 17
github.com/zimnx/YamlSchemaToGoStruct/object.go:14.37,16.2 1 4
github.com/zimnx/YamlSchemaToGoStruct/object.go:18.90,20.9 2 12
github.com/zimnx/YamlSchemaToGoStruct/object.go:26.2,28.41 3 11
github.com/zimnx/YamlSchemaToGoStruct/object.go:43.2,43.8 1 9
github.com/zimnx/YamlSchemaToGoStruct/object.go:20.9,25.3 1 1
github.com/zimnx/YamlSchemaToGoStruct/object.go:28.41,31.10 3 17
github.com/zimnx/YamlSchemaToGoStruct/object.go:38.3,39.17 2 16
github.com/zimnx/YamlSchemaToGoStruct/object.go:31.10,37.4 1 1
github.com/zimnx/YamlSchemaToGoStruct/object.go:39.17,41.4 1 1
github.com/zimnx/YamlSchemaToGoStruct/object.go:46.50,47.16 1 14
github.com/zimnx/YamlSchemaToGoStruct/object.go:50.2,51.43 2 12
github.com/zimnx/YamlSchemaToGoStruct/object.go:54.2,54.15 1 12
github.com/zimnx/YamlSchemaToGoStruct/object.go:47.16,49.3 1 2
github.com/zimnx/YamlSchemaToGoStruct/object.go:51.43,53.3 1 12
github.com/zimnx/YamlSchemaToGoStruct/object.go:57.69,59.42 2 1
github.com/zimnx/YamlSchemaToGoStruct/object.go:62.2,62.21 1 1
github.com/zimnx/YamlSchemaToGoStruct/object.go:59.42,61.3 1 3
github.com/zimnx/YamlSchemaToGoStruct/property.go:10.44,12.2 1 24
github.com/zimnx/YamlSchemaToGoStruct/property.go:14.92,16.9 2 27
github.com/zimnx/YamlSchemaToGoStruct/property.go:22.2,23.16 2 24
github.com/zimnx/YamlSchemaToGoStruct/property.go:31.2,31.60 1 23
github.com/zimnx/YamlSchemaToGoStruct/property.go:16.9,21.3 1 3
github.com/zimnx/YamlSchemaToGoStruct/property.go:23.16,30.3 2 1
github.com/zimnx/YamlSchemaToGoStruct/property.go:34.52,36.2 1 14
github.com/zimnx/YamlSchemaToGoStruct/property.go:38.74,46.2 1 6
